  test1.c
test1.obj : error LNK2019: 无法解析的外部符号 _fun，该符号在函数 _main 中被引用
F:\c_exercise\xiaomaze\maze_0428_exportant_word\Debug\maze_0428_exportant_word.exe : fatal error LNK1120: 1 个无法解析的外部命令
