  test.cpp
test.obj : error LNK2019: 无法解析的外部符号 _func1，该符号在函数 _main 中被引用
F:\c_exercise\xiaomaze\maze_0509\Debug\maze_0509.exe : fatal error LNK1120: 1 个无法解析的外部命令
